0 info it worked if it ends with ok
1 verbose cli [ '/usr/local/bin/node',
1 verbose cli   '/usr/local/bin/npm',
1 verbose cli   'install',
1 verbose cli   '-g',
1 verbose cli   'requirejs' ]
2 info using npm@2.15.9
3 info using node@v4.5.0
4 verbose install initial load of /usr/local/lib/package.json
5 verbose readDependencies loading dependencies from /usr/local/lib/package.json
6 silly cache add args [ 'requirejs', null ]
7 verbose cache add spec requirejs
8 silly cache add parsed spec Result {
8 silly cache add   raw: 'requirejs',
8 silly cache add   scope: null,
8 silly cache add   name: 'requirejs',
8 silly cache add   rawSpec: '',
8 silly cache add   spec: 'latest',
8 silly cache add   type: 'tag' }
9 silly addNamed requirejs@latest
10 verbose addNamed "latest" is being treated as a dist-tag for requirejs
11 info addNameTag [ 'requirejs', 'latest' ]
12 silly mapToRegistry name requirejs
13 silly mapToRegistry using default registry
14 silly mapToRegistry registry https://registry.npmjs.org/
15 silly mapToRegistry data Result {
15 silly mapToRegistry   raw: 'requirejs',
15 silly mapToRegistry   scope: null,
15 silly mapToRegistry   name: 'requirejs',
15 silly mapToRegistry   rawSpec: '',
15 silly mapToRegistry   spec: 'latest',
15 silly mapToRegistry   type: 'tag' }
16 silly mapToRegistry uri https://registry.npmjs.org/requirejs
17 verbose addNameTag registry:https://registry.npmjs.org/requirejs not in flight; fetching
18 verbose request uri https://registry.npmjs.org/requirejs
19 verbose request no auth needed
20 info attempt registry request try #1 at 21:40:34
21 verbose request id 12548654ac9968ed
22 verbose etag W/"58694f2b-be7c"
23 verbose lastModified Sun, 01 Jan 2017 18:49:15 GMT
24 http request GET https://registry.npmjs.org/requirejs
25 http 304 https://registry.npmjs.org/requirejs
26 verbose headers { date: 'Mon, 02 Jan 2017 13:40:34 GMT',
26 verbose headers   via: '1.1 varnish',
26 verbose headers   'cache-control': 'max-age=300',
26 verbose headers   etag: 'W/"58694f2b-be7c"',
26 verbose headers   age: '106',
26 verbose headers   connection: 'keep-alive',
26 verbose headers   'x-served-by': 'cache-nrt6128-NRT',
26 verbose headers   'x-cache': 'HIT',
26 verbose headers   'x-cache-hits': '1',
26 verbose headers   'x-timer': 'S1483364434.626781,VS0,VE0',
26 verbose headers   vary: 'Accept-Encoding' }
27 silly get cb [ 304,
27 silly get   { date: 'Mon, 02 Jan 2017 13:40:34 GMT',
27 silly get     via: '1.1 varnish',
27 silly get     'cache-control': 'max-age=300',
27 silly get     etag: 'W/"58694f2b-be7c"',
27 silly get     age: '106',
27 silly get     connection: 'keep-alive',
27 silly get     'x-served-by': 'cache-nrt6128-NRT',
27 silly get     'x-cache': 'HIT',
27 silly get     'x-cache-hits': '1',
27 silly get     'x-timer': 'S1483364434.626781,VS0,VE0',
27 silly get     vary: 'Accept-Encoding' } ]
28 verbose etag https://registry.npmjs.org/requirejs from cache
29 verbose get saving requirejs to /Users/gu/.npm/registry.npmjs.org/requirejs/.cache.json
30 verbose correctMkdir /Users/gu/.npm correctMkdir not in flight; initializing
31 silly addNameTag next cb for requirejs with tag latest
32 silly addNamed requirejs@2.3.2
33 verbose addNamed "2.3.2" is a plain semver version for requirejs
34 silly cache afterAdd requirejs@2.3.2
35 verbose afterAdd /Users/gu/.npm/requirejs/2.3.2/package/package.json not in flight; writing
36 verbose correctMkdir /Users/gu/.npm correctMkdir not in flight; initializing
37 verbose afterAdd /Users/gu/.npm/requirejs/2.3.2/package/package.json written
38 silly install resolved [ { name: 'requirejs',
38 silly install resolved     description: 'Node adapter for RequireJS, for loading AMD modules. Includes RequireJS optimizer',
38 silly install resolved     version: '2.3.2',
38 silly install resolved     homepage: 'http://github.com/jrburke/r.js',
38 silly install resolved     author:
38 silly install resolved      { name: 'James Burke',
38 silly install resolved        email: 'jrburke@gmail.com',
38 silly install resolved        url: 'http://github.com/jrburke' },
38 silly install resolved     license: 'MIT',
38 silly install resolved     repository: { type: 'git', url: 'git+https://github.com/jrburke/r.js.git' },
38 silly install resolved     main: './bin/r.js',
38 silly install resolved     bin: { 'r.js': './bin/r.js', r_js: './bin/r.js' },
38 silly install resolved     engines: { node: '>=0.4.0' },
38 silly install resolved     bugs: { url: 'https://github.com/jrburke/r.js/issues' },
38 silly install resolved     _id: 'requirejs@2.3.2',
38 silly install resolved     scripts: {},
38 silly install resolved     _shasum: '0eaa870d4c7db3b15dd1322e6b65b0388fc4b2c6',
38 silly install resolved     _from: 'requirejs@latest',
38 silly install resolved     _npmVersion: '3.10.3',
38 silly install resolved     _nodeVersion: '6.5.0',
38 silly install resolved     _npmUser: { name: 'jrburke', email: 'jrburke@gmail.com' },
38 silly install resolved     dist:
38 silly install resolved      { shasum: '0eaa870d4c7db3b15dd1322e6b65b0388fc4b2c6',
38 silly install resolved        tarball: 'https://registry.npmjs.org/requirejs/-/requirejs-2.3.2.tgz' },
38 silly install resolved     maintainers: [ [Object] ],
38 silly install resolved     _npmOperationalInternal:
38 silly install resolved      { host: 'packages-16-east.internal.npmjs.com',
38 silly install resolved        tmp: 'tmp/requirejs-2.3.2.tgz_1474131566334_0.764287036145106' },
38 silly install resolved     directories: {},
38 silly install resolved     _resolved: 'https://registry.npmjs.org/requirejs/-/requirejs-2.3.2.tgz',
38 silly install resolved     readme: 'ERROR: No README data found!' } ]
39 info install requirejs@2.3.2 into /usr/local/lib
40 info installOne requirejs@2.3.2
41 verbose installOne of requirejs to /usr/local/lib not in flight; installing
42 verbose correctMkdir /Users/gu/.npm/_locks correctMkdir not in flight; initializing
43 verbose lock using /Users/gu/.npm/_locks/requirejs-ce2a5f017f571c77.lock for /usr/local/lib/node_modules/requirejs
44 silly install write writing requirejs 2.3.2 to /usr/local/lib/node_modules/requirejs
45 verbose unbuild lib/node_modules/requirejs
46 silly gentlyRm /usr/local/lib/node_modules/requirejs is being purged from base /usr/local
47 verbose gentlyRm don't care about contents; nuking /usr/local/lib/node_modules/requirejs
48 verbose tar unpack /Users/gu/.npm/requirejs/2.3.2/package.tgz
49 verbose tar unpacking to /usr/local/lib/node_modules/requirejs
50 silly gentlyRm /usr/local/lib/node_modules/requirejs is being purged
51 verbose gentlyRm don't care about contents; nuking /usr/local/lib/node_modules/requirejs
52 silly gunzTarPerm modes [ '755', '644' ]
53 error tar.unpack untar error /Users/gu/.npm/requirejs/2.3.2/package.tgz
54 verbose unlock done using /Users/gu/.npm/_locks/requirejs-ce2a5f017f571c77.lock for /usr/local/lib/node_modules/requirejs
55 verbose fstream_path /usr/local/lib/node_modules/requirejs
56 verbose fstream_type Directory
57 verbose fstream_class DirWriter
58 verbose stack Error: EACCES: permission denied, mkdir '/usr/local/lib/node_modules/requirejs'
58 verbose stack     at Error (native)
59 verbose fstream_stack /usr/local/lib/node_modules/npm/node_modules/fstream/lib/dir-writer.js:35:25
59 verbose fstream_stack /usr/local/lib/node_modules/npm/node_modules/mkdirp/index.js:47:53
59 verbose fstream_stack FSReqWrap.oncomplete (fs.js:82:15)
60 verbose cwd /Users/gu/Desktop/饥人谷/任务三十九-打包工具requireJS、rJS/code/js
61 error Darwin 16.0.0
62 error argv "/usr/local/bin/node" "/usr/local/bin/npm" "install" "-g" "requirejs"
63 error node v4.5.0
64 error npm  v2.15.9
65 error path /usr/local/lib/node_modules/requirejs
66 error code EACCES
67 error errno -13
68 error syscall mkdir
69 error Error: EACCES: permission denied, mkdir '/usr/local/lib/node_modules/requirejs'
69 error     at Error (native)
69 error  { [Error: EACCES: permission denied, mkdir '/usr/local/lib/node_modules/requirejs']
69 error   errno: -13,
69 error   code: 'EACCES',
69 error   syscall: 'mkdir',
69 error   path: '/usr/local/lib/node_modules/requirejs',
69 error   fstream_type: 'Directory',
69 error   fstream_path: '/usr/local/lib/node_modules/requirejs',
69 error   fstream_class: 'DirWriter',
69 error   fstream_stack:
69 error    [ '/usr/local/lib/node_modules/npm/node_modules/fstream/lib/dir-writer.js:35:25',
69 error      '/usr/local/lib/node_modules/npm/node_modules/mkdirp/index.js:47:53',
69 error      'FSReqWrap.oncomplete (fs.js:82:15)' ] }
70 error Please try running this command again as root/Administrator.
71 verbose exit [ -13, true ]
72 verbose unbuild lib/node_modules/requirejs
73 silly gentlyRm /usr/local/lib/node_modules/requirejs is being purged from base /usr/local
74 verbose gentlyRm don't care about contents; nuking /usr/local/lib/node_modules/requirejs
